::1 - - [24/Apr/2019:07:17:51 -0300] "GET /operadorcondicional.php HTTP/1.1" 200 93
::1 - - [24/Apr/2019:07:22:25 -0300] "GET /vetor.php HTTP/1.1" 200 88
::1 - - [24/Apr/2019:07:22:42 -0300] "GET /vetor.php HTTP/1.1" 200 220
::1 - - [24/Apr/2019:07:23:26 -0300] "GET /vetor.php HTTP/1.1" 200 220
::1 - - [24/Apr/2019:07:23:27 -0300] "GET /vetor.php HTTP/1.1" 200 220
::1 - - [24/Apr/2019:07:23:28 -0300] "GET /vetor.php HTTP/1.1" 200 220
::1 - - [24/Apr/2019:07:23:28 -0300] "GET /vetor.php HTTP/1.1" 200 220
::1 - - [24/Apr/2019:07:23:28 -0300] "GET /vetor.php HTTP/1.1" 200 220
::1 - - [24/Apr/2019:07:23:28 -0300] "GET /vetor.php HTTP/1.1" 200 220
::1 - - [24/Apr/2019:07:23:28 -0300] "GET /vetor.php HTTP/1.1" 200 220
::1 - - [24/Apr/2019:07:23:28 -0300] "GET /vetor.php HTTP/1.1" 200 220
::1 - - [24/Apr/2019:07:23:29 -0300] "GET /vetor.php HTTP/1.1" 200 220
::1 - - [24/Apr/2019:07:23:29 -0300] "GET /vetor.php HTTP/1.1" 200 220
::1 - - [24/Apr/2019:07:24:06 -0300] "GET /vetor.php HTTP/1.1" 200 220
::1 - - [24/Apr/2019:07:24:06 -0300] "GET /vetor.php HTTP/1.1" 200 220
::1 - - [24/Apr/2019:07:24:06 -0300] "GET /vetor.php HTTP/1.1" 200 220
::1 - - [24/Apr/2019:07:24:38 -0300] "GET /vetor.php HTTP/1.1" 200 220
::1 - - [24/Apr/2019:07:24:38 -0300] "GET /vetor.php HTTP/1.1" 200 220
::1 - - [24/Apr/2019:07:24:38 -0300] "GET /vetor.php HTTP/1.1" 200 220
::1 - - [24/Apr/2019:07:24:38 -0300] "GET /vetor.php HTTP/1.1" 200 220
::1 - - [24/Apr/2019:07:25:10 -0300] "GET /vetor.php HTTP/1.1" 200 220
::1 - - [24/Apr/2019:07:25:10 -0300] "GET /vetor.php HTTP/1.1" 200 220
::1 - - [24/Apr/2019:07:25:10 -0300] "GET /vetor.php HTTP/1.1" 200 220
::1 - - [24/Apr/2019:07:25:10 -0300] "GET /vetor.php HTTP/1.1" 200 220
::1 - - [24/Apr/2019:07:25:11 -0300] "GET /vetor.php HTTP/1.1" 200 220
::1 - - [24/Apr/2019:07:25:11 -0300] "GET /vetor.php HTTP/1.1" 200 220
::1 - - [24/Apr/2019:07:25:11 -0300] "GET /vetor.php HTTP/1.1" 200 220
::1 - - [24/Apr/2019:07:25:11 -0300] "GET /vetor.php HTTP/1.1" 200 220
::1 - - [24/Apr/2019:07:25:11 -0300] "GET /vetor.php HTTP/1.1" 200 220
::1 - - [24/Apr/2019:07:25:27 -0300] "GET /vetor.php HTTP/1.1" 200 220
::1 - - [24/Apr/2019:07:25:27 -0300] "GET /vetor.php HTTP/1.1" 200 220
::1 - - [24/Apr/2019:07:25:27 -0300] "GET /vetor.php HTTP/1.1" 200 220
::1 - - [24/Apr/2019:07:25:28 -0300] "GET /vetor.php HTTP/1.1" 200 220
::1 - - [24/Apr/2019:07:25:38 -0300] "GET /vetor.php HTTP/1.1" 200 217
::1 - - [24/Apr/2019:07:25:52 -0300] "GET /vetor.php HTTP/1.1" 200 86
::1 - - [24/Apr/2019:07:26:29 -0300] "GET /vetor.php HTTP/1.1" 200 86
::1 - - [24/Apr/2019:07:27:05 -0300] "GET /vetor.php HTTP/1.1" 200 93
::1 - - [24/Apr/2019:07:27:38 -0300] "GET /vetor.php HTTP/1.1" 200 225
::1 - - [24/Apr/2019:07:28:23 -0300] "GET /vetor.php HTTP/1.1" 200 103
::1 - - [24/Apr/2019:07:32:01 -0300] "GET /vetor.php HTTP/1.1" 200 103
::1 - - [24/Apr/2019:07:32:02 -0300] "GET /vetor.php HTTP/1.1" 200 103
::1 - - [24/Apr/2019:07:32:02 -0300] "GET /vetor.php HTTP/1.1" 200 103
::1 - - [24/Apr/2019:07:33:34 -0300] "GET /vetor.php HTTP/1.1" 200 113
::1 - - [24/Apr/2019:07:34:19 -0300] "GET /vetor.php HTTP/1.1" 200 151
::1 - - [24/Apr/2019:07:34:33 -0300] "GET /vetor.php HTTP/1.1" 200 155
::1 - - [24/Apr/2019:07:34:51 -0300] "GET /vetor.php HTTP/1.1" 200 160
::1 - - [24/Apr/2019:07:35:21 -0300] "GET /vetor.php HTTP/1.1" 200 178
::1 - - [24/Apr/2019:07:40:38 -0300] "GET /vetor.php HTTP/1.1" 200 151
::1 - - [24/Apr/2019:07:41:02 -0300] "GET /vetor.php HTTP/1.1" 200 151
::1 - - [24/Apr/2019:07:41:02 -0300] "GET /vetor.php HTTP/1.1" 200 151
::1 - - [24/Apr/2019:07:41:03 -0300] "GET /vetor.php HTTP/1.1" 200 151
::1 - - [24/Apr/2019:07:41:03 -0300] "GET /vetor.php HTTP/1.1" 200 151
::1 - - [24/Apr/2019:07:41:03 -0300] "GET /vetor.php HTTP/1.1" 200 151
::1 - - [24/Apr/2019:07:41:34 -0300] "GET /vetor.php HTTP/1.1" 200 170
::1 - - [24/Apr/2019:07:41:35 -0300] "GET /vetor.php HTTP/1.1" 200 170
::1 - - [24/Apr/2019:07:41:36 -0300] "GET /vetor.php HTTP/1.1" 200 170
::1 - - [24/Apr/2019:07:41:39 -0300] "GET /vetor.php HTTP/1.1" 200 170
::1 - - [24/Apr/2019:07:41:39 -0300] "GET /vetor.php HTTP/1.1" 200 170
::1 - - [24/Apr/2019:07:41:39 -0300] "GET /vetor.php HTTP/1.1" 200 170
::1 - - [24/Apr/2019:07:41:40 -0300] "GET /vetor.php HTTP/1.1" 200 170
::1 - - [24/Apr/2019:07:41:40 -0300] "GET /vetor.php HTTP/1.1" 200 170
::1 - - [24/Apr/2019:07:42:19 -0300] "GET /vetor.php HTTP/1.1" 200 222
::1 - - [24/Apr/2019:08:13:44 -0300] "GET /vetor.php HTTP/1.1" 200 186
::1 - - [24/Apr/2019:08:13:46 -0300] "GET /vetor.php HTTP/1.1" 200 186
::1 - - [24/Apr/2019:08:14:16 -0300] "GET /vetor.php HTTP/1.1" 200 222
::1 - - [24/Apr/2019:08:14:37 -0300] "GET /vetor.php HTTP/1.1" 200 222
::1 - - [24/Apr/2019:08:14:37 -0300] "GET /vetor.php HTTP/1.1" 200 222
::1 - - [24/Apr/2019:08:14:38 -0300] "GET /vetor.php HTTP/1.1" 200 222
::1 - - [24/Apr/2019:08:16:28 -0300] "GET /vetor.php HTTP/1.1" 200 222
::1 - - [24/Apr/2019:08:17:55 -0300] "GET /vetor.php HTTP/1.1" 200 222
::1 - - [24/Apr/2019:08:17:55 -0300] "GET /vetor.php HTTP/1.1" 200 222
::1 - - [24/Apr/2019:08:17:56 -0300] "GET /vetor.php HTTP/1.1" 200 222
::1 - - [24/Apr/2019:08:17:56 -0300] "GET /vetor.php HTTP/1.1" 200 222
::1 - - [24/Apr/2019:08:17:56 -0300] "GET /vetor.php HTTP/1.1" 200 222
::1 - - [24/Apr/2019:08:17:56 -0300] "GET /vetor.php HTTP/1.1" 200 222
::1 - - [24/Apr/2019:08:18:14 -0300] "GET /vetor.php HTTP/1.1" 200 222
::1 - - [24/Apr/2019:08:18:14 -0300] "GET /vetor.php HTTP/1.1" 200 222
::1 - - [24/Apr/2019:08:18:14 -0300] "GET /vetor.php HTTP/1.1" 200 222
::1 - - [24/Apr/2019:08:18:14 -0300] "GET /vetor.php HTTP/1.1" 200 222
::1 - - [24/Apr/2019:08:18:15 -0300] "GET /vetor.php HTTP/1.1" 200 222
::1 - - [24/Apr/2019:08:18:15 -0300] "GET /vetor.php HTTP/1.1" 200 222
::1 - - [24/Apr/2019:08:19:27 -0300] "GET /vetor.php HTTP/1.1" 200 240
::1 - - [24/Apr/2019:08:19:55 -0300] "GET /vetor.php HTTP/1.1" 200 250
::1 - - [24/Apr/2019:08:20:37 -0300] "GET /vetor.php HTTP/1.1" 200 271
::1 - - [24/Apr/2019:08:23:24 -0300] "GET /vetor.php HTTP/1.1" 200 186
::1 - - [24/Apr/2019:08:24:09 -0300] "GET /vetor.php HTTP/1.1" 200 186
::1 - - [24/Apr/2019:08:24:10 -0300] "GET /vetor.php HTTP/1.1" 200 186
::1 - - [24/Apr/2019:08:24:10 -0300] "GET /vetor.php HTTP/1.1" 200 186
::1 - - [24/Apr/2019:08:24:10 -0300] "GET /vetor.php HTTP/1.1" 200 186
::1 - - [24/Apr/2019:08:25:23 -0300] "GET /vetor.php HTTP/1.1" 200 186
::1 - - [24/Apr/2019:08:25:24 -0300] "GET /vetor.php HTTP/1.1" 200 186
::1 - - [24/Apr/2019:08:25:24 -0300] "GET /vetor.php HTTP/1.1" 200 186
::1 - - [24/Apr/2019:08:25:24 -0300] "GET /vetor.php HTTP/1.1" 200 186
::1 - - [24/Apr/2019:08:25:24 -0300] "GET /vetor.php HTTP/1.1" 200 186
::1 - - [24/Apr/2019:08:25:25 -0300] "GET /vetor.php HTTP/1.1" 200 186
::1 - - [24/Apr/2019:08:26:12 -0300] "GET /vetor.php HTTP/1.1" 200 412
::1 - - [24/Apr/2019:08:30:23 -0300] "GET /vetorsemindice.php HTTP/1.1" 200 245
::1 - - [24/Apr/2019:08:31:53 -0300] "GET /vetorsemindice.php HTTP/1.1" 200 112
::1 - - [24/Apr/2019:08:32:11 -0300] "GET /vetorsemindice.php HTTP/1.1" 200 245
::1 - - [24/Apr/2019:08:32:27 -0300] "GET /vetorsemindice.php HTTP/1.1" 200 112
::1 - - [24/Apr/2019:08:32:47 -0300] "GET /vetorsemindice.php HTTP/1.1" 200 115
::1 - - [24/Apr/2019:08:33:16 -0300] "GET /vetorsemindice.php HTTP/1.1" 200 263
::1 - - [24/Apr/2019:08:34:12 -0300] "GET /vetorsemindice.php HTTP/1.1" 200 249
::1 - - [24/Apr/2019:08:34:13 -0300] "GET /vetorsemindice.php HTTP/1.1" 200 249
::1 - - [24/Apr/2019:08:34:14 -0300] "GET /vetorsemindice.php HTTP/1.1" 200 249
::1 - - [24/Apr/2019:08:34:14 -0300] "GET /vetorsemindice.php HTTP/1.1" 200 249
::1 - - [24/Apr/2019:08:34:44 -0300] "GET /vetorsemindice.php HTTP/1.1" 200 112
::1 - - [24/Apr/2019:08:53:40 -0300] "GET /vetorsemindice.php HTTP/1.1" 200 112
::1 - - [24/Apr/2019:08:53:51 -0300] "GET /Matriz.php HTTP/1.1" 404 208
::1 - - [24/Apr/2019:08:54:01 -0300] "GET /Matrizes.php HTTP/1.1" 200 103
::1 - - [24/Apr/2019:08:54:37 -0300] "GET /Matrizes.php HTTP/1.1" 200 147
